{"__type":"$$EventMessageAudit","id":"e6606587-8c91-4048-8a81-03eab30ec947","ts":"2025-09-13T18:43:46.440+02:00","eventName":"n8n.audit.workflow.updated","message":"n8n.audit.workflow.updated","payload":{"userId":"ba65ba49-bde3-47ef-84b8-de2107181b02","_email":"priosdc@hotmail.com","_firstName":"Pieeo","_lastName":"Rios Del Castillo","globalRole":"global:owner","workflowId":"yPUiiMgbO4U9p79b","workflowName":"My workflow"}}
{"__type":"$$EventMessageConfirm","confirm":"e6606587-8c91-4048-8a81-03eab30ec947","ts":"2025-09-13T18:43:46.442+02:00","source":{"id":"0","name":"eventBus"}}
{"__type":"$$EventMessageAudit","id":"79fbb143-d2c1-4b60-96b7-a9eb816b904c","ts":"2025-09-13T19:38:00.404+02:00","eventName":"n8n.audit.workflow.updated","message":"n8n.audit.workflow.updated","payload":{"userId":"ba65ba49-bde3-47ef-84b8-de2107181b02","_email":"priosdc@hotmail.com","_firstName":"Pieeo","_lastName":"Rios Del Castillo","globalRole":"global:owner","workflowId":"yPUiiMgbO4U9p79b","workflowName":"My workflow"}}
{"__type":"$$EventMessageConfirm","confirm":"79fbb143-d2c1-4b60-96b7-a9eb816b904c","ts":"2025-09-13T19:38:00.408+02:00","source":{"id":"0","name":"eventBus"}}
{"__type":"$$EventMessageAudit","id":"69d78fd1-b6ab-4481-bf3e-9c3176418534","ts":"2025-09-13T19:40:18.446+02:00","eventName":"n8n.audit.workflow.updated","message":"n8n.audit.workflow.updated","payload":{"userId":"ba65ba49-bde3-47ef-84b8-de2107181b02","_email":"priosdc@hotmail.com","_firstName":"Pieeo","_lastName":"Rios Del Castillo","globalRole":"global:owner","workflowId":"yPUiiMgbO4U9p79b","workflowName":"My workflow"}}
{"__type":"$$EventMessageConfirm","confirm":"69d78fd1-b6ab-4481-bf3e-9c3176418534","ts":"2025-09-13T19:40:18.446+02:00","source":{"id":"0","name":"eventBus"}}
{"__type":"$$EventMessageWorkflow","id":"354dd415-304c-4b35-aaaf-e70f6fe5ff92","ts":"2025-09-13T20:09:42.389+02:00","eventName":"n8n.workflow.started","message":"n8n.workflow.started","payload":{"executionId":"71","workflowId":"yPUiiMgbO4U9p79b","isManual":false,"workflowName":"My workflow"}}
{"__type":"$$EventMessageConfirm","confirm":"354dd415-304c-4b35-aaaf-e70f6fe5ff92","ts":"2025-09-13T20:09:42.390+02:00","source":{"id":"0","name":"eventBus"}}
{"__type":"$$EventMessageNode","id":"4d73b280-1350-4974-94fe-d12e194e415c","ts":"2025-09-13T20:09:42.396+02:00","eventName":"n8n.node.started","message":"n8n.node.started","payload":{"workflowId":"yPUiiMgbO4U9p79b","workflowName":"My workflow","executionId":"71","nodeType":"n8n-nodes-base.webhook","nodeName":"Webhook Github Actions2","nodeId":"5d19b8f3-4f0c-4431-87b0-ecc0d336e4b3"}}
{"__type":"$$EventMessageConfirm","confirm":"4d73b280-1350-4974-94fe-d12e194e415c","ts":"2025-09-13T20:09:42.397+02:00","source":{"id":"0","name":"eventBus"}}
{"__type":"$$EventMessageNode","id":"0304ab5f-b7e2-4312-82f7-c6a93d75d9f8","ts":"2025-09-13T20:09:42.409+02:00","eventName":"n8n.node.finished","message":"n8n.node.finished","payload":{"workflowId":"yPUiiMgbO4U9p79b","workflowName":"My workflow","executionId":"71","nodeType":"n8n-nodes-base.webhook","nodeName":"Webhook Github Actions2","nodeId":"5d19b8f3-4f0c-4431-87b0-ecc0d336e4b3"}}
{"__type":"$$EventMessageConfirm","confirm":"0304ab5f-b7e2-4312-82f7-c6a93d75d9f8","ts":"2025-09-13T20:09:42.409+02:00","source":{"id":"0","name":"eventBus"}}
{"__type":"$$EventMessageNode","id":"a28db174-7335-4389-8d16-c848bdf4751f","ts":"2025-09-13T20:09:42.411+02:00","eventName":"n8n.node.started","message":"n8n.node.started","payload":{"workflowId":"yPUiiMgbO4U9p79b","workflowName":"My workflow","executionId":"71","nodeType":"n8n-nodes-base.code","nodeName":"Construir consultas","nodeId":"76ced0cd-8c54-4673-9f2e-01842b9cffca"}}
{"__type":"$$EventMessageConfirm","confirm":"a28db174-7335-4389-8d16-c848bdf4751f","ts":"2025-09-13T20:09:42.411+02:00","source":{"id":"0","name":"eventBus"}}
{"__type":"$$EventMessageNode","id":"f79fa2b4-210c-4de3-92f4-03ee432635c4","ts":"2025-09-13T20:09:42.732+02:00","eventName":"n8n.node.finished","message":"n8n.node.finished","payload":{"workflowId":"yPUiiMgbO4U9p79b","workflowName":"My workflow","executionId":"71","nodeType":"n8n-nodes-base.code","nodeName":"Construir consultas","nodeId":"76ced0cd-8c54-4673-9f2e-01842b9cffca"}}
{"__type":"$$EventMessageConfirm","confirm":"f79fa2b4-210c-4de3-92f4-03ee432635c4","ts":"2025-09-13T20:09:42.744+02:00","source":{"id":"0","name":"eventBus"}}
{"__type":"$$EventMessageNode","id":"c902a523-9c54-4619-a2bd-269b121944d3","ts":"2025-09-13T20:09:42.746+02:00","eventName":"n8n.node.started","message":"n8n.node.started","payload":{"workflowId":"yPUiiMgbO4U9p79b","workflowName":"My workflow","executionId":"71","nodeType":"n8n-nodes-base.snowflake","nodeName":"Ejecutar en Snowflake","nodeId":"b0a61b4c-c02f-4ef4-9221-514744e23cfc"}}
{"__type":"$$EventMessageConfirm","confirm":"c902a523-9c54-4619-a2bd-269b121944d3","ts":"2025-09-13T20:09:42.746+02:00","source":{"id":"0","name":"eventBus"}}
{"__type":"$$EventMessageNode","id":"6ab8c091-bbea-43b0-a7f8-1ad057e582e7","ts":"2025-09-13T20:09:47.329+02:00","eventName":"n8n.node.finished","message":"n8n.node.finished","payload":{"workflowId":"yPUiiMgbO4U9p79b","workflowName":"My workflow","executionId":"71","nodeType":"n8n-nodes-base.snowflake","nodeName":"Ejecutar en Snowflake","nodeId":"b0a61b4c-c02f-4ef4-9221-514744e23cfc"}}
{"__type":"$$EventMessageConfirm","confirm":"6ab8c091-bbea-43b0-a7f8-1ad057e582e7","ts":"2025-09-13T20:09:47.331+02:00","source":{"id":"0","name":"eventBus"}}
{"__type":"$$EventMessageWorkflow","id":"c5eb202a-a95e-4f96-9c60-a97fc1aa8b3f","ts":"2025-09-13T20:09:47.336+02:00","eventName":"n8n.workflow.failed","message":"n8n.workflow.failed","payload":{"executionId":"71","success":false,"isManual":false,"workflowId":"yPUiiMgbO4U9p79b","workflowName":"My workflow","lastNodeExecuted":"Ejecutar en Snowflake","errorMessage":"Failed to authenticate: MFA authentication is required, but none of your current MFA methods are supported for programmatic authentication."}}
{"__type":"$$EventMessageConfirm","confirm":"c5eb202a-a95e-4f96-9c60-a97fc1aa8b3f","ts":"2025-09-13T20:09:47.337+02:00","source":{"id":"0","name":"eventBus"}}
{"__type":"$$EventMessageAudit","id":"e67e11db-3e13-4626-8819-a9cb3e2571cd","ts":"2025-09-13T20:10:56.028+02:00","eventName":"n8n.audit.user.credentials.updated","message":"n8n.audit.user.credentials.updated","payload":{"userId":"ba65ba49-bde3-47ef-84b8-de2107181b02","_email":"priosdc@hotmail.com","_firstName":"Pieeo","_lastName":"Rios Del Castillo","globalRole":"global:owner","credentialType":"snowflake","credentialId":"XmoC8FIefMMahYGi"}}
{"__type":"$$EventMessageConfirm","confirm":"e67e11db-3e13-4626-8819-a9cb3e2571cd","ts":"2025-09-13T20:10:56.029+02:00","source":{"id":"0","name":"eventBus"}}
{"__type":"$$EventMessageAudit","id":"95fca43b-1c7c-491f-b9f7-7df426049f81","ts":"2025-09-13T20:11:03.683+02:00","eventName":"n8n.audit.user.credentials.updated","message":"n8n.audit.user.credentials.updated","payload":{"userId":"ba65ba49-bde3-47ef-84b8-de2107181b02","_email":"priosdc@hotmail.com","_firstName":"Pieeo","_lastName":"Rios Del Castillo","globalRole":"global:owner","credentialType":"snowflake","credentialId":"tUpi8fqTBzxZ84Zp"}}
{"__type":"$$EventMessageConfirm","confirm":"95fca43b-1c7c-491f-b9f7-7df426049f81","ts":"2025-09-13T20:11:03.684+02:00","source":{"id":"0","name":"eventBus"}}
{"__type":"$$EventMessageWorkflow","id":"4a685e1c-965a-4c39-87e5-45e4300c67ef","ts":"2025-09-14T17:39:40.292+02:00","eventName":"n8n.workflow.started","message":"n8n.workflow.started","payload":{"executionId":"72","workflowId":"yPUiiMgbO4U9p79b","isManual":false,"workflowName":"My workflow"}}
{"__type":"$$EventMessageConfirm","confirm":"4a685e1c-965a-4c39-87e5-45e4300c67ef","ts":"2025-09-14T17:39:40.298+02:00","source":{"id":"0","name":"eventBus"}}
{"__type":"$$EventMessageNode","id":"16232cb7-48bc-4c0d-b455-bf2a28fd481f","ts":"2025-09-14T17:39:40.303+02:00","eventName":"n8n.node.started","message":"n8n.node.started","payload":{"workflowId":"yPUiiMgbO4U9p79b","workflowName":"My workflow","executionId":"72","nodeType":"n8n-nodes-base.webhook","nodeName":"Webhook Github Actions2","nodeId":"5d19b8f3-4f0c-4431-87b0-ecc0d336e4b3"}}
{"__type":"$$EventMessageConfirm","confirm":"16232cb7-48bc-4c0d-b455-bf2a28fd481f","ts":"2025-09-14T17:39:40.304+02:00","source":{"id":"0","name":"eventBus"}}
{"__type":"$$EventMessageNode","id":"007c288c-0ca8-46a9-bf14-d2cfc20c0800","ts":"2025-09-14T17:39:40.307+02:00","eventName":"n8n.node.finished","message":"n8n.node.finished","payload":{"workflowId":"yPUiiMgbO4U9p79b","workflowName":"My workflow","executionId":"72","nodeType":"n8n-nodes-base.webhook","nodeName":"Webhook Github Actions2","nodeId":"5d19b8f3-4f0c-4431-87b0-ecc0d336e4b3"}}
{"__type":"$$EventMessageConfirm","confirm":"007c288c-0ca8-46a9-bf14-d2cfc20c0800","ts":"2025-09-14T17:39:40.307+02:00","source":{"id":"0","name":"eventBus"}}
{"__type":"$$EventMessageNode","id":"aaa24992-980f-4dde-a030-1cc814c8bc3f","ts":"2025-09-14T17:39:40.307+02:00","eventName":"n8n.node.started","message":"n8n.node.started","payload":{"workflowId":"yPUiiMgbO4U9p79b","workflowName":"My workflow","executionId":"72","nodeType":"n8n-nodes-base.code","nodeName":"Construir consultas","nodeId":"76ced0cd-8c54-4673-9f2e-01842b9cffca"}}
{"__type":"$$EventMessageConfirm","confirm":"aaa24992-980f-4dde-a030-1cc814c8bc3f","ts":"2025-09-14T17:39:40.307+02:00","source":{"id":"0","name":"eventBus"}}
{"__type":"$$EventMessageNode","id":"8671a0e5-9780-4644-8b3f-585a75f11e42","ts":"2025-09-14T17:39:40.394+02:00","eventName":"n8n.node.finished","message":"n8n.node.finished","payload":{"workflowId":"yPUiiMgbO4U9p79b","workflowName":"My workflow","executionId":"72","nodeType":"n8n-nodes-base.code","nodeName":"Construir consultas","nodeId":"76ced0cd-8c54-4673-9f2e-01842b9cffca"}}
{"__type":"$$EventMessageConfirm","confirm":"8671a0e5-9780-4644-8b3f-585a75f11e42","ts":"2025-09-14T17:39:40.394+02:00","source":{"id":"0","name":"eventBus"}}
{"__type":"$$EventMessageNode","id":"1bf5559d-6e8d-41e9-9b9a-5b4a33ed284d","ts":"2025-09-14T17:39:40.396+02:00","eventName":"n8n.node.started","message":"n8n.node.started","payload":{"workflowId":"yPUiiMgbO4U9p79b","workflowName":"My workflow","executionId":"72","nodeType":"n8n-nodes-base.snowflake","nodeName":"Ejecutar en Snowflake","nodeId":"b0a61b4c-c02f-4ef4-9221-514744e23cfc"}}
{"__type":"$$EventMessageConfirm","confirm":"1bf5559d-6e8d-41e9-9b9a-5b4a33ed284d","ts":"2025-09-14T17:39:40.396+02:00","source":{"id":"0","name":"eventBus"}}
{"__type":"$$EventMessageNode","id":"1ba81f1e-0941-42b4-88e4-a89bc416f871","ts":"2025-09-14T17:39:43.582+02:00","eventName":"n8n.node.finished","message":"n8n.node.finished","payload":{"workflowId":"yPUiiMgbO4U9p79b","workflowName":"My workflow","executionId":"72","nodeType":"n8n-nodes-base.snowflake","nodeName":"Ejecutar en Snowflake","nodeId":"b0a61b4c-c02f-4ef4-9221-514744e23cfc"}}
{"__type":"$$EventMessageConfirm","confirm":"1ba81f1e-0941-42b4-88e4-a89bc416f871","ts":"2025-09-14T17:39:43.582+02:00","source":{"id":"0","name":"eventBus"}}
{"__type":"$$EventMessageNode","id":"f180399f-c68e-4e0d-ba31-a83d476f3313","ts":"2025-09-14T17:39:43.584+02:00","eventName":"n8n.node.started","message":"n8n.node.started","payload":{"workflowId":"yPUiiMgbO4U9p79b","workflowName":"My workflow","executionId":"72","nodeType":"n8n-nodes-base.code","nodeName":"Armar mensaje","nodeId":"0025727e-2203-442a-865f-290f846a97f3"}}
{"__type":"$$EventMessageConfirm","confirm":"f180399f-c68e-4e0d-ba31-a83d476f3313","ts":"2025-09-14T17:39:43.584+02:00","source":{"id":"0","name":"eventBus"}}
{"__type":"$$EventMessageNode","id":"c47afefc-db55-42e5-a8e0-4786e0e17a1c","ts":"2025-09-14T17:39:43.652+02:00","eventName":"n8n.node.finished","message":"n8n.node.finished","payload":{"workflowId":"yPUiiMgbO4U9p79b","workflowName":"My workflow","executionId":"72","nodeType":"n8n-nodes-base.code","nodeName":"Armar mensaje","nodeId":"0025727e-2203-442a-865f-290f846a97f3"}}
{"__type":"$$EventMessageConfirm","confirm":"c47afefc-db55-42e5-a8e0-4786e0e17a1c","ts":"2025-09-14T17:39:43.653+02:00","source":{"id":"0","name":"eventBus"}}
{"__type":"$$EventMessageNode","id":"3621ddbb-58bb-40b3-bcec-c4128ae09922","ts":"2025-09-14T17:39:43.655+02:00","eventName":"n8n.node.started","message":"n8n.node.started","payload":{"workflowId":"yPUiiMgbO4U9p79b","workflowName":"My workflow","executionId":"72","nodeType":"n8n-nodes-base.gmail","nodeName":"Enviar correo","nodeId":"a028a311-a97c-46ae-9c6b-9cfb75b9c56f"}}
{"__type":"$$EventMessageConfirm","confirm":"3621ddbb-58bb-40b3-bcec-c4128ae09922","ts":"2025-09-14T17:39:43.656+02:00","source":{"id":"0","name":"eventBus"}}
{"__type":"$$EventMessageNode","id":"bacbf5d2-f2e9-4f43-adda-c30b4561f79a","ts":"2025-09-14T17:39:45.292+02:00","eventName":"n8n.node.finished","message":"n8n.node.finished","payload":{"workflowId":"yPUiiMgbO4U9p79b","workflowName":"My workflow","executionId":"72","nodeType":"n8n-nodes-base.gmail","nodeName":"Enviar correo","nodeId":"a028a311-a97c-46ae-9c6b-9cfb75b9c56f"}}
{"__type":"$$EventMessageConfirm","confirm":"bacbf5d2-f2e9-4f43-adda-c30b4561f79a","ts":"2025-09-14T17:39:45.292+02:00","source":{"id":"0","name":"eventBus"}}
{"__type":"$$EventMessageWorkflow","id":"e31d561b-c44b-4553-b22f-4f063f3f358e","ts":"2025-09-14T17:39:45.293+02:00","eventName":"n8n.workflow.success","message":"n8n.workflow.success","payload":{"executionId":"72","success":true,"isManual":false,"workflowId":"yPUiiMgbO4U9p79b","workflowName":"My workflow"}}
{"__type":"$$EventMessageConfirm","confirm":"e31d561b-c44b-4553-b22f-4f063f3f358e","ts":"2025-09-14T17:39:45.293+02:00","source":{"id":"0","name":"eventBus"}}
